<?xml version="1.0" encoding="UTF-8"?>
<testng-results ignored="1" total="5" passed="3" failed="1" skipped="0">
  <reporter-output>
  </reporter-output>
  <suite started-at="2022-10-21T21:27:45 GMT-04:00" name="test suites" finished-at="2022-10-21T21:28:30 GMT-04:00" duration-ms="44826">
    <groups>
      <group name="names">
        <method signature="testNGNewTest.names(java.lang.String)[pri:0, instance:testNG.testNGNewTest@4b5d6a01]" name="names" class="testNG.testNGNewTest"/>
      </group> <!-- names -->
      <group name="yahoo">
        <method signature="testNGNewTest.yahoo()[pri:0, instance:testNG.testNGNewTest@4b5d6a01]" name="yahoo" class="testNG.testNGNewTest"/>
      </group> <!-- yahoo -->
      <group name="bingo">
        <method signature="testNGNewTest.bingo()[pri:0, instance:testNG.testNGNewTest@4b5d6a01]" name="bingo" class="testNG.testNGNewTest"/>
      </group> <!-- bingo -->
      <group name="google">
        <method signature="testNGNewTest.openGoogle()[pri:0, instance:testNG.testNGNewTest@4b5d6a01]" name="openGoogle" class="testNG.testNGNewTest"/>
      </group> <!-- google -->
    </groups>
    <test started-at="2022-10-21T21:27:45 GMT-04:00" name="testes" finished-at="2022-10-21T21:28:30 GMT-04:00" duration-ms="44826">
      <class name="testNG.testNGNewTest">
        <test-method is-config="true" signature="beforeSuite()[pri:0, instance:testNG.testNGNewTest@4b5d6a01]" started-at="2022-10-21T21:27:41 GMT-04:00" name="beforeSuite" finished-at="2022-10-21T21:27:45 GMT-04:00" duration-ms="3333" status="PASS">
          <reporter-output>
          </reporter-output>
        </test-method> <!-- beforeSuite -->
        <test-method is-config="true" signature="beforeTest()[pri:0, instance:testNG.testNGNewTest@4b5d6a01]" started-at="2022-10-21T21:27:45 GMT-04:00" name="beforeTest" finished-at="2022-10-21T21:27:45 GMT-04:00" duration-ms="3" status="PASS">
          <reporter-output>
          </reporter-output>
        </test-method> <!-- beforeTest -->
        <test-method is-config="true" signature="beforeClass()[pri:0, instance:testNG.testNGNewTest@4b5d6a01]" started-at="2022-10-21T21:27:45 GMT-04:00" name="beforeClass" finished-at="2022-10-21T21:27:45 GMT-04:00" duration-ms="1" status="PASS">
          <reporter-output>
          </reporter-output>
        </test-method> <!-- beforeClass -->
        <test-method is-config="true" signature="beforeMethod()[pri:0, instance:testNG.testNGNewTest@4b5d6a01]" started-at="2022-10-21T21:27:45 GMT-04:00" name="beforeMethod" finished-at="2022-10-21T21:27:45 GMT-04:00" duration-ms="0" status="PASS">
          <reporter-output>
          </reporter-output>
        </test-method> <!-- beforeMethod -->
        <test-method signature="bingo()[pri:0, instance:testNG.testNGNewTest@4b5d6a01]" started-at="2022-10-21T21:27:45 GMT-04:00" name="bingo" finished-at="2022-10-21T21:27:46 GMT-04:00" duration-ms="1422" status="PASS">
          <reporter-output>
          </reporter-output>
        </test-method> <!-- bingo -->
        <test-method is-config="true" signature="afterMethod()[pri:0, instance:testNG.testNGNewTest@4b5d6a01]" started-at="2022-10-21T21:27:46 GMT-04:00" name="afterMethod" finished-at="2022-10-21T21:27:46 GMT-04:00" duration-ms="1" status="PASS">
          <reporter-output>
          </reporter-output>
        </test-method> <!-- afterMethod -->
        <test-method is-config="true" signature="beforeMethod()[pri:0, instance:testNG.testNGNewTest@4b5d6a01]" started-at="2022-10-21T21:27:46 GMT-04:00" name="beforeMethod" finished-at="2022-10-21T21:27:46 GMT-04:00" duration-ms="1" status="PASS">
          <reporter-output>
          </reporter-output>
        </test-method> <!-- beforeMethod -->
        <test-method signature="names(java.lang.String)[pri:0, instance:testNG.testNGNewTest@4b5d6a01]" started-at="2022-10-21T21:27:46 GMT-04:00" name="names" finished-at="2022-10-21T21:27:46 GMT-04:00" duration-ms="9" status="PASS">
          <params>
            <param index="0">
              <value>
                <![CDATA[nimi]]>
              </value>
            </param>
          </params>
          <reporter-output>
          </reporter-output>
        </test-method> <!-- names -->
        <test-method is-config="true" signature="afterMethod()[pri:0, instance:testNG.testNGNewTest@4b5d6a01]" started-at="2022-10-21T21:27:46 GMT-04:00" name="afterMethod" finished-at="2022-10-21T21:27:46 GMT-04:00" duration-ms="4" status="PASS">
          <reporter-output>
          </reporter-output>
        </test-method> <!-- afterMethod -->
        <test-method signature="openGoogle()[pri:0, instance:testNG.testNGNewTest@4b5d6a01]" started-at="2022-10-21T21:27:46 GMT-04:00" name="openGoogle" finished-at="2022-10-21T21:27:48 GMT-04:00" duration-ms="1420" status="PASS">
          <reporter-output>
          </reporter-output>
        </test-method> <!-- openGoogle -->
        <test-method is-config="true" signature="beforeMethod()[pri:0, instance:testNG.testNGNewTest@4b5d6a01]" started-at="2022-10-21T21:27:46 GMT-04:00" name="beforeMethod" finished-at="2022-10-21T21:27:46 GMT-04:00" duration-ms="0" status="PASS">
          <reporter-output>
          </reporter-output>
        </test-method> <!-- beforeMethod -->
        <test-method is-config="true" signature="afterMethod()[pri:0, instance:testNG.testNGNewTest@4b5d6a01]" started-at="2022-10-21T21:27:48 GMT-04:00" name="afterMethod" finished-at="2022-10-21T21:27:48 GMT-04:00" duration-ms="0" status="PASS">
          <reporter-output>
          </reporter-output>
        </test-method> <!-- afterMethod -->
        <test-method is-config="true" signature="beforeMethod()[pri:0, instance:testNG.testNGNewTest@4b5d6a01]" started-at="2022-10-21T21:27:48 GMT-04:00" name="beforeMethod" finished-at="2022-10-21T21:27:48 GMT-04:00" duration-ms="1" status="PASS">
          <reporter-output>
          </reporter-output>
        </test-method> <!-- beforeMethod -->
        <test-method signature="yahoo()[pri:0, instance:testNG.testNGNewTest@4b5d6a01]" started-at="2022-10-21T21:27:48 GMT-04:00" name="yahoo" finished-at="2022-10-21T21:28:30 GMT-04:00" duration-ms="41819" status="FAIL">
          <exception class="org.openqa.selenium.remote.UnreachableBrowserException">
            <message>
              <![CDATA[Error communicating with the remote browser. It may have died.
Build info: version: '4.5.0', revision: 'fe167b119a'
System info: os.name: 'Windows 10', os.arch: 'amd64', os.version: '10.0', java.version: '17.0.2'
Driver info: org.openqa.selenium.chrome.ChromeDriver
Command: [4cae06b7c02066e465ed27be277df1ca, get {url=https://www.yahoo.com/}]
Capabilities {acceptInsecureCerts: false, browserName: chrome, browserVersion: 106.0.5249.119, chrome: {chromedriverVersion: 106.0.5249.61 (511755355844..., userDataDir: C:\Users\Thilak\AppData\Loc...}, goog:chromeOptions: {debuggerAddress: localhost:65044}, networkConnectionEnabled: false, pageLoadStrategy: normal, platformName: WINDOWS, proxy: Proxy(), se:cdp: ws://localhost:65044/devtoo..., se:cdpVersion: 106.0.5249.119, setWindowRect: true, strictFileInteractability: false, timeouts: {implicit: 0, pageLoad: 300000, script: 30000}, unhandledPromptBehavior: dismiss and notify, webauthn:extension:credBlob: true, webauthn:extension:largeBlob: true, webauthn:virtualAuthenticators: true}
Session ID: 4cae06b7c02066e465ed27be277df1ca]]>
            </message>
            <full-stacktrace>
              <![CDATA[org.openqa.selenium.remote.UnreachableBrowserException: Error communicating with the remote browser. It may have died.
Build info: version: '4.5.0', revision: 'fe167b119a'
System info: os.name: 'Windows 10', os.arch: 'amd64', os.version: '10.0', java.version: '17.0.2'
Driver info: org.openqa.selenium.chrome.ChromeDriver
Command: [4cae06b7c02066e465ed27be277df1ca, get {url=https://www.yahoo.com/}]
Capabilities {acceptInsecureCerts: false, browserName: chrome, browserVersion: 106.0.5249.119, chrome: {chromedriverVersion: 106.0.5249.61 (511755355844..., userDataDir: C:\Users\Thilak\AppData\Loc...}, goog:chromeOptions: {debuggerAddress: localhost:65044}, networkConnectionEnabled: false, pageLoadStrategy: normal, platformName: WINDOWS, proxy: Proxy(), se:cdp: ws://localhost:65044/devtoo..., se:cdpVersion: 106.0.5249.119, setWindowRect: true, strictFileInteractability: false, timeouts: {implicit: 0, pageLoad: 300000, script: 30000}, unhandledPromptBehavior: dismiss and notify, webauthn:extension:credBlob: true, webauthn:extension:largeBlob: true, webauthn:virtualAuthenticators: true}
Session ID: 4cae06b7c02066e465ed27be277df1ca
at org.openqa.selenium.remote.RemoteWebDriver.execute(RemoteWebDriver.java:571)
at org.openqa.selenium.remote.RemoteWebDriver.get(RemoteWebDriver.java:310)
at testNG.testNGNewTest.yahoo(testNGNewTest.java:33)
at java.base/jdk.internal.reflect.NativeMethodAccessorImpl.invoke0(Native Method)
at java.base/jdk.internal.reflect.NativeMethodAccessorImpl.invoke(NativeMethodAccessorImpl.java:77)
at java.base/jdk.internal.reflect.DelegatingMethodAccessorImpl.invoke(DelegatingMethodAccessorImpl.java:43)
at java.base/java.lang.reflect.Method.invoke(Method.java:568)
at org.testng.internal.MethodInvocationHelper.invokeMethod(MethodInvocationHelper.java:133)
at org.testng.internal.TestInvoker.invokeMethod(TestInvoker.java:598)
at org.testng.internal.TestInvoker.invokeTestMethod(TestInvoker.java:173)
at org.testng.internal.MethodRunner.runInSequence(MethodRunner.java:46)
at org.testng.internal.TestInvoker$MethodInvocationAgent.invoke(TestInvoker.java:824)
at org.testng.internal.TestInvoker.invokeTestMethods(TestInvoker.java:146)
at org.testng.internal.TestMethodWorker.invokeTestMethods(TestMethodWorker.java:146)
at org.testng.internal.TestMethodWorker.run(TestMethodWorker.java:128)
at java.base/java.util.ArrayList.forEach(ArrayList.java:1511)
at org.testng.TestRunner.privateRun(TestRunner.java:794)
at org.testng.TestRunner.run(TestRunner.java:596)
at org.testng.SuiteRunner.runTest(SuiteRunner.java:377)
at org.testng.SuiteRunner.runSequentially(SuiteRunner.java:371)
at org.testng.SuiteRunner.privateRun(SuiteRunner.java:332)
at org.testng.SuiteRunner.run(SuiteRunner.java:276)
at org.testng.SuiteRunnerWorker.runSuite(SuiteRunnerWorker.java:53)
at org.testng.SuiteRunnerWorker.run(SuiteRunnerWorker.java:96)
at org.testng.TestNG.runSuitesSequentially(TestNG.java:1212)
at org.testng.TestNG.runSuitesLocally(TestNG.java:1134)
at org.testng.TestNG.runSuites(TestNG.java:1063)
at org.testng.TestNG.run(TestNG.java:1031)
at org.testng.remote.AbstractRemoteTestNG.run(AbstractRemoteTestNG.java:115)
at org.testng.remote.RemoteTestNG.initAndRun(RemoteTestNG.java:251)
at org.testng.remote.RemoteTestNG.main(RemoteTestNG.java:77)
Caused by: java.io.UncheckedIOException: java.net.SocketException: Connection reset
at org.openqa.selenium.remote.http.netty.NettyHttpHandler.makeCall(NettyHttpHandler.java:73)
at org.openqa.selenium.remote.http.AddSeleniumUserAgent.lambda$apply$0(AddSeleniumUserAgent.java:42)
at org.openqa.selenium.remote.http.Filter.lambda$andFinally$1(Filter.java:56)
at org.openqa.selenium.remote.http.netty.NettyHttpHandler.execute(NettyHttpHandler.java:49)
at org.openqa.selenium.remote.http.AddSeleniumUserAgent.lambda$apply$0(AddSeleniumUserAgent.java:42)
at org.openqa.selenium.remote.http.Filter.lambda$andFinally$1(Filter.java:56)
at org.openqa.selenium.remote.http.netty.NettyClient.execute(NettyClient.java:99)
at org.openqa.selenium.remote.HttpCommandExecutor.execute(HttpCommandExecutor.java:181)
at org.openqa.selenium.remote.service.DriverCommandExecutor.invokeExecute(DriverCommandExecutor.java:167)
at org.openqa.selenium.remote.service.DriverCommandExecutor.execute(DriverCommandExecutor.java:142)
at org.openqa.selenium.remote.RemoteWebDriver.execute(RemoteWebDriver.java:547)
... 30 more
Caused by: java.net.SocketException: Connection reset
at java.base/sun.nio.ch.SocketChannelImpl.throwConnectionReset(SocketChannelImpl.java:394)
at java.base/sun.nio.ch.SocketChannelImpl.read(SocketChannelImpl.java:426)
at io.netty.buffer.PooledByteBuf.setBytes(PooledByteBuf.java:258)
at io.netty.buffer.AbstractByteBuf.writeBytes(AbstractByteBuf.java:1132)
at io.netty.channel.socket.nio.NioSocketChannel.doReadBytes(NioSocketChannel.java:357)
at io.netty.channel.nio.AbstractNioByteChannel$NioByteUnsafe.read(AbstractNioByteChannel.java:151)
at io.netty.channel.nio.NioEventLoop.processSelectedKey(NioEventLoop.java:722)
at io.netty.channel.nio.NioEventLoop.processSelectedKeysOptimized(NioEventLoop.java:658)
at io.netty.channel.nio.NioEventLoop.processSelectedKeys(NioEventLoop.java:584)
at io.netty.channel.nio.NioEventLoop.run(NioEventLoop.java:496)
at io.netty.util.concurrent.SingleThreadEventExecutor$4.run(SingleThreadEventExecutor.java:997)
at io.netty.util.internal.ThreadExecutorMap$2.run(ThreadExecutorMap.java:74)
at io.netty.util.concurrent.FastThreadLocalRunnable.run(FastThreadLocalRunnable.java:30)
at java.base/java.lang.Thread.run(Thread.java:833)
]]>
            </full-stacktrace>
          </exception> <!-- org.openqa.selenium.remote.UnreachableBrowserException -->
          <reporter-output>
          </reporter-output>
        </test-method> <!-- yahoo -->
        <test-method is-config="true" signature="afterMethod()[pri:0, instance:testNG.testNGNewTest@4b5d6a01]" started-at="2022-10-21T21:28:30 GMT-04:00" name="afterMethod" finished-at="2022-10-21T21:28:30 GMT-04:00" duration-ms="1" status="PASS">
          <reporter-output>
          </reporter-output>
        </test-method> <!-- afterMethod -->
        <test-method is-config="true" signature="afterClass()[pri:0, instance:testNG.testNGNewTest@4b5d6a01]" started-at="2022-10-21T21:28:30 GMT-04:00" name="afterClass" finished-at="2022-10-21T21:28:30 GMT-04:00" duration-ms="2" status="PASS">
          <reporter-output>
          </reporter-output>
        </test-method> <!-- afterClass -->
        <test-method is-config="true" signature="afterTest()[pri:0, instance:testNG.testNGNewTest@4b5d6a01]" started-at="2022-10-21T21:28:30 GMT-04:00" name="afterTest" finished-at="2022-10-21T21:28:30 GMT-04:00" duration-ms="1" status="PASS">
          <reporter-output>
          </reporter-output>
        </test-method> <!-- afterTest -->
        <test-method is-config="true" signature="afterSuite()[pri:0, instance:testNG.testNGNewTest@4b5d6a01]" started-at="2022-10-21T21:28:30 GMT-04:00" name="afterSuite" finished-at="2022-10-21T21:28:30 GMT-04:00" duration-ms="1" status="PASS">
          <reporter-output>
          </reporter-output>
        </test-method> <!-- afterSuite -->
      </class> <!-- testNG.testNGNewTest -->
    </test> <!-- testes -->
  </suite> <!-- test suites -->
</testng-results>
